[2024-08-24 10:59:16 +0200] [582782] [INFO] Starting gunicorn 23.0.0
[2024-08-24 10:59:16 +0200] [582782] [INFO] Listening at: http://127.0.0.1:8000 (582782)
[2024-08-24 10:59:16 +0200] [582782] [INFO] Using worker: sync
[2024-08-24 10:59:16 +0200] [582783] [INFO] Booting worker with pid: 582783
[2024-08-24 10:59:16 +0200] [582784] [INFO] Booting worker with pid: 582784
[2024-08-24 10:59:16 +0200] [582785] [INFO] Booting worker with pid: 582785
[2024-08-24 11:00:33 +0200] [582782] [CRITICAL] WORKER TIMEOUT (pid:582785)
[2024-08-24 09:00:33 +0000] [582785] [ERROR] Error handling request /ventes/sell-bills
Traceback (most recent call last):
  File "/root/Erps/erp_environnement/lib/python3.10/site-packages/django/template/base.py", line 880, in _resolve_lookup
    current = current[bit]
TypeError: 'Client' object is not subscriptable

During handling of the above exception, another exception occurred:

Traceback (most recent call last):
  File "/root/Erps/erp_environnement/lib/python3.10/site-packages/gunicorn/workers/sync.py", line 134, in handle
    self.handle_request(listener, req, client, addr)
  File "/root/Erps/erp_environnement/lib/python3.10/site-packages/gunicorn/workers/sync.py", line 177, in handle_request
    respiter = self.wsgi(environ, resp.start_response)
  File "/root/Erps/erp_environnement/lib/python3.10/site-packages/django/core/handlers/wsgi.py", line 124, in __call__
    response = self.get_response(request)
  File "/root/Erps/erp_environnement/lib/python3.10/site-packages/django/core/handlers/base.py", line 140, in get_response
    response = self._middleware_chain(request)
  File "/root/Erps/erp_environnement/lib/python3.10/site-packages/django/core/handlers/exception.py", line 55, in inner
    response = get_response(request)
  File "/root/Erps/erp_environnement/lib/python3.10/site-packages/django/utils/deprecation.py", line 134, in __call__
    response = response or self.get_response(request)
  File "/root/Erps/erp_environnement/lib/python3.10/site-packages/django/core/handlers/exception.py", line 55, in inner
    response = get_response(request)
  File "/root/Erps/erp_environnement/lib/python3.10/site-packages/django/utils/deprecation.py", line 134, in __call__
    response = response or self.get_response(request)
  File "/root/Erps/erp_environnement/lib/python3.10/site-packages/django/core/handlers/exception.py", line 55, in inner
    response = get_response(request)
  File "/root/Erps/erp_environnement/lib/python3.10/site-packages/django/utils/deprecation.py", line 134, in __call__
    response = response or self.get_response(request)
  File "/root/Erps/erp_environnement/lib/python3.10/site-packages/django/core/handlers/exception.py", line 55, in inner
    response = get_response(request)
  File "/root/Erps/erp_environnement/lib/python3.10/site-packages/django/utils/deprecation.py", line 134, in __call__
    response = response or self.get_response(request)
  File "/root/Erps/erp_environnement/lib/python3.10/site-packages/django/core/handlers/exception.py", line 55, in inner
    response = get_response(request)
  File "/root/Erps/erpfinal/erp/users/middleware.py", line 16, in __call__
    response = self.get_response(request)
  File "/root/Erps/erp_environnement/lib/python3.10/site-packages/django/core/handlers/exception.py", line 55, in inner
    response = get_response(request)
  File "/root/Erps/erp_environnement/lib/python3.10/site-packages/django/utils/deprecation.py", line 134, in __call__
    response = response or self.get_response(request)
  File "/root/Erps/erp_environnement/lib/python3.10/site-packages/django/core/handlers/exception.py", line 55, in inner
    response = get_response(request)
  File "/root/Erps/erp_environnement/lib/python3.10/site-packages/django/utils/deprecation.py", line 134, in __call__
    response = response or self.get_response(request)
  File "/root/Erps/erp_environnement/lib/python3.10/site-packages/django/core/handlers/exception.py", line 55, in inner
    response = get_response(request)
  File "/root/Erps/erp_environnement/lib/python3.10/site-packages/django/utils/deprecation.py", line 134, in __call__
    response = response or self.get_response(request)
  File "/root/Erps/erp_environnement/lib/python3.10/site-packages/django/core/handlers/exception.py", line 55, in inner
    response = get_response(request)
  File "/root/Erps/erp_environnement/lib/python3.10/site-packages/whitenoise/middleware.py", line 124, in __call__
    return self.get_response(request)
  File "/root/Erps/erp_environnement/lib/python3.10/site-packages/django/core/handlers/exception.py", line 55, in inner
    response = get_response(request)
  File "/root/Erps/erp_environnement/lib/python3.10/site-packages/django/utils/deprecation.py", line 134, in __call__
    response = response or self.get_response(request)
  File "/root/Erps/erp_environnement/lib/python3.10/site-packages/django/core/handlers/exception.py", line 55, in inner
    response = get_response(request)
  File "/root/Erps/erp_environnement/lib/python3.10/site-packages/django/core/handlers/base.py", line 220, in _get_response
    response = response.render()
  File "/root/Erps/erp_environnement/lib/python3.10/site-packages/django/template/response.py", line 114, in render
    self.content = self.rendered_content
  File "/root/Erps/erp_environnement/lib/python3.10/site-packages/django/template/response.py", line 92, in rendered_content
    return template.render(context, self._request)
  File "/root/Erps/erp_environnement/lib/python3.10/site-packages/django/template/backends/django.py", line 61, in render
    return self.template.render(context)
  File "/root/Erps/erp_environnement/lib/python3.10/site-packages/django/template/base.py", line 175, in render
    return self._render(context)
  File "/root/Erps/erp_environnement/lib/python3.10/site-packages/django/template/base.py", line 167, in _render
    return self.nodelist.render(context)
  File "/root/Erps/erp_environnement/lib/python3.10/site-packages/django/template/base.py", line 1005, in render
    return SafeString("".join([node.render_annotated(context) for node in self]))
  File "/root/Erps/erp_environnement/lib/python3.10/site-packages/django/template/base.py", line 1005, in <listcomp>
    return SafeString("".join([node.render_annotated(context) for node in self]))
  File "/root/Erps/erp_environnement/lib/python3.10/site-packages/django/template/base.py", line 966, in render_annotated
    return self.render(context)
  File "/root/Erps/erp_environnement/lib/python3.10/site-packages/django/template/loader_tags.py", line 157, in render
    return compiled_parent._render(context)
  File "/root/Erps/erp_environnement/lib/python3.10/site-packages/django/template/base.py", line 167, in _render
    return self.nodelist.render(context)
  File "/root/Erps/erp_environnement/lib/python3.10/site-packages/django/template/base.py", line 1005, in render
    return SafeString("".join([node.render_annotated(context) for node in self]))
  File "/root/Erps/erp_environnement/lib/python3.10/site-packages/django/template/base.py", line 1005, in <listcomp>
    return SafeString("".join([node.render_annotated(context) for node in self]))
  File "/root/Erps/erp_environnement/lib/python3.10/site-packages/django/template/base.py", line 966, in render_annotated
    return self.render(context)
  File "/root/Erps/erp_environnement/lib/python3.10/site-packages/django/template/loader_tags.py", line 63, in render
    result = block.nodelist.render(context)
  File "/root/Erps/erp_environnement/lib/python3.10/site-packages/django/template/base.py", line 1005, in render
    return SafeString("".join([node.render_annotated(context) for node in self]))
  File "/root/Erps/erp_environnement/lib/python3.10/site-packages/django/template/base.py", line 1005, in <listcomp>
    return SafeString("".join([node.render_annotated(context) for node in self]))
  File "/root/Erps/erp_environnement/lib/python3.10/site-packages/django/template/base.py", line 966, in render_annotated
    return self.render(context)
  File "/root/Erps/erp_environnement/lib/python3.10/site-packages/django/template/defaulttags.py", line 238, in render
    nodelist.append(node.render_annotated(context))
  File "/root/Erps/erp_environnement/lib/python3.10/site-packages/django/template/base.py", line 966, in render_annotated
    return self.render(context)
  File "/root/Erps/erp_environnement/lib/python3.10/site-packages/django/template/base.py", line 1064, in render
    output = self.filter_expression.resolve(context)
  File "/root/Erps/erp_environnement/lib/python3.10/site-packages/django/template/base.py", line 715, in resolve
    obj = self.var.resolve(context)
  File "/root/Erps/erp_environnement/lib/python3.10/site-packages/django/template/base.py", line 847, in resolve
    value = self._resolve_lookup(context)
  File "/root/Erps/erp_environnement/lib/python3.10/site-packages/django/template/base.py", line 890, in _resolve_lookup
    current = getattr(current, bit)
  File "/root/Erps/erpfinal/erp/tiers/models.py", line 194, in remaining_amount
    return round(self.total_amount + self.solde - (self.total_paid_amount + self.total_rembourse + self.total_annule),0)
  File "/root/Erps/erpfinal/erp/tiers/models.py", line 179, in total_amount
    return sum(Decimal(bon.get_total_soldprice) for bon in self.client_bonS.exclude(idBon__startswith='BECH'))
  File "/root/Erps/erpfinal/erp/tiers/models.py", line 179, in <genexpr>
    return sum(Decimal(bon.get_total_soldprice) for bon in self.client_bonS.exclude(idBon__startswith='BECH'))
  File "/root/Erps/erpfinal/erp/ventes/models.py", line 174, in get_total_soldprice
    price_part = self.produits_en_bon_sorties.aggregate(total_price=Sum('totalprice'))['total_price']
  File "/root/Erps/erp_environnement/lib/python3.10/site-packages/django/db/models/manager.py", line 87, in manager_method
    return getattr(self.get_queryset(), name)(*args, **kwargs)
  File "/root/Erps/erp_environnement/lib/python3.10/site-packages/django/db/models/query.py", line 592, in aggregate
    return self.query.chain().get_aggregation(self.db, kwargs)
  File "/root/Erps/erp_environnement/lib/python3.10/site-packages/django/db/models/sql/query.py", line 416, in get_aggregation
    replacements[Ref(alias, aggregate)] = aggregate
  File "/root/Erps/erp_environnement/lib/python3.10/site-packages/django/db/models/expressions.py", line 502, in __hash__
    return hash(self.identity)
  File "/root/Erps/erp_environnement/lib/python3.10/site-packages/django/utils/functional.py", line 57, in __get__
    res = instance.__dict__[self.name] = self.func(instance)
  File "/root/Erps/erp_environnement/lib/python3.10/site-packages/django/db/models/expressions.py", line 479, in identity
    constructor_signature = inspect.signature(self.__init__)
  File "/usr/lib/python3.10/inspect.py", line 3254, in signature
    return Signature.from_callable(obj, follow_wrapped=follow_wrapped,
  File "/usr/lib/python3.10/inspect.py", line 3002, in from_callable
    return _signature_from_callable(obj, sigcls=cls,
  File "/usr/lib/python3.10/inspect.py", line 2404, in _signature_from_callable
    return _signature_bound_method(sig)
  File "/usr/lib/python3.10/inspect.py", line 1982, in _signature_bound_method
    return sig.replace(parameters=params)
  File "/usr/lib/python3.10/inspect.py", line 3020, in replace
    if parameters is _void:
  File "/root/Erps/erp_environnement/lib/python3.10/site-packages/gunicorn/workers/base.py", line 204, in handle_abort
    sys.exit(1)
SystemExit: 1
[2024-08-24 09:00:33 +0000] [582785] [INFO] Worker exiting (pid: 582785)
[2024-08-24 11:00:34 +0200] [582834] [INFO] Booting worker with pid: 582834
[2024-08-24 11:00:49 +0200] [582782] [INFO] Handling signal: int
[2024-08-24 09:00:49 +0000] [582784] [INFO] Worker exiting (pid: 582784)
[2024-08-24 09:00:49 +0000] [582834] [INFO] Worker exiting (pid: 582834)
[2024-08-24 09:00:49 +0000] [582783] [INFO] Worker exiting (pid: 582783)
[2024-08-24 11:00:49 +0200] [582782] [INFO] Shutting down: Master
[2024-08-24 12:07:21 +0200] [585628] [INFO] Starting gunicorn 23.0.0
[2024-08-24 12:07:21 +0200] [585628] [INFO] Listening at: http://127.0.0.1:8000 (585628)
[2024-08-24 12:07:21 +0200] [585628] [INFO] Using worker: sync
[2024-08-24 12:07:21 +0200] [585629] [INFO] Booting worker with pid: 585629
[2024-08-24 12:07:21 +0200] [585630] [INFO] Booting worker with pid: 585630
[2024-08-24 12:07:21 +0200] [585631] [INFO] Booting worker with pid: 585631
[2024-08-24 12:14:37 +0200] [585628] [INFO] Handling signal: int
[2024-08-24 10:14:37 +0000] [585631] [INFO] Worker exiting (pid: 585631)
[2024-08-24 10:14:37 +0000] [585629] [INFO] Worker exiting (pid: 585629)
[2024-08-24 10:14:37 +0000] [585630] [INFO] Worker exiting (pid: 585630)
[2024-08-24 12:14:38 +0200] [585628] [INFO] Shutting down: Master
[2024-08-24 12:20:59 +0200] [586264] [INFO] Starting gunicorn 23.0.0
[2024-08-24 12:20:59 +0200] [586264] [INFO] Listening at: http://127.0.0.1:8000 (586264)
[2024-08-24 12:20:59 +0200] [586264] [INFO] Using worker: sync
[2024-08-24 12:20:59 +0200] [586265] [INFO] Booting worker with pid: 586265
[2024-08-24 12:20:59 +0200] [586266] [INFO] Booting worker with pid: 586266
[2024-08-24 12:20:59 +0200] [586267] [INFO] Booting worker with pid: 586267
[2024-08-24 12:24:13 +0200] [586264] [INFO] Handling signal: hup
[2024-08-24 12:24:13 +0200] [586264] [INFO] Hang up: Master
[2024-08-24 12:24:13 +0200] [586264] [ERROR] Worker (pid:586267) was sent SIGHUP!
[2024-08-24 12:24:13 +0200] [586264] [ERROR] Worker (pid:586265) was sent SIGHUP!
[2024-08-24 12:24:13 +0200] [586264] [ERROR] Worker (pid:586266) was sent SIGHUP!
[2024-08-24 12:24:13 +0200] [586338] [INFO] Booting worker with pid: 586338
[2024-08-24 12:24:13 +0200] [586339] [INFO] Booting worker with pid: 586339
[2024-08-24 12:24:13 +0200] [586340] [INFO] Booting worker with pid: 586340
[2024-08-24 12:24:13 +0200] [586264] [INFO] Handling signal: hup
[2024-08-24 12:24:13 +0200] [586264] [INFO] Hang up: Master
[2024-08-24 12:24:13 +0200] [586342] [INFO] Booting worker with pid: 586342
[2024-08-24 12:24:13 +0200] [586341] [INFO] Booting worker with pid: 586341
[2024-08-24 12:24:13 +0200] [586343] [INFO] Booting worker with pid: 586343
[2024-08-24 10:24:14 +0000] [586340] [INFO] Worker exiting (pid: 586340)
[2024-08-24 10:24:14 +0000] [586338] [INFO] Worker exiting (pid: 586338)
[2024-08-24 10:24:14 +0000] [586339] [INFO] Worker exiting (pid: 586339)
[2024-08-24 12:24:14 +0200] [586264] [ERROR] Worker (pid:586338) was sent SIGTERM!
[2024-08-24 12:24:14 +0200] [586264] [ERROR] Worker (pid:586340) was sent SIGTERM!
[2024-08-24 12:24:14 +0200] [586264] [ERROR] Worker (pid:586339) was sent SIGTERM!
[2024-08-24 12:36:19 +0200] [587068] [INFO] Starting gunicorn 23.0.0
[2024-08-24 12:36:58 +0200] [587074] [INFO] Starting gunicorn 23.0.0
[2024-08-24 10:39:33 +0000] [586343] [INFO] Worker exiting (pid: 586343)
[2024-08-24 12:39:33 +0200] [586264] [INFO] Handling signal: term
[2024-08-24 10:39:33 +0000] [586341] [INFO] Worker exiting (pid: 586341)
[2024-08-24 10:39:33 +0000] [586342] [INFO] Worker exiting (pid: 586342)
[2024-08-24 12:39:34 +0200] [586264] [ERROR] Worker (pid:586342) exited with code 120
[2024-08-24 12:39:34 +0200] [586264] [ERROR] Worker (pid:586342) exited with code 120.
[2024-08-24 12:39:34 +0200] [586264] [ERROR] Worker (pid:586341) exited with code 120
[2024-08-24 12:39:34 +0200] [586264] [ERROR] Worker (pid:586341) exited with code 120.
[2024-08-24 12:39:34 +0200] [586264] [ERROR] Worker (pid:586343) exited with code 120
[2024-08-24 12:39:34 +0200] [586264] [ERROR] Worker (pid:586343) exited with code 120.
[2024-08-24 12:39:34 +0200] [586264] [INFO] Shutting down: Master
[2024-08-24 12:39:39 +0200] [587132] [INFO] Starting gunicorn 23.0.0
[2024-08-24 12:39:39 +0200] [587132] [INFO] Listening at: http://127.0.0.1:8000 (587132)
[2024-08-24 12:39:39 +0200] [587132] [INFO] Using worker: sync
[2024-08-24 12:39:39 +0200] [587133] [INFO] Booting worker with pid: 587133
[2024-08-24 12:39:39 +0200] [587134] [INFO] Booting worker with pid: 587134
[2024-08-24 12:39:40 +0200] [587135] [INFO] Booting worker with pid: 587135
[2024-08-24 12:52:06 +0200] [587132] [INFO] Handling signal: int
[2024-08-24 10:52:06 +0000] [587134] [INFO] Worker exiting (pid: 587134)
[2024-08-24 10:52:06 +0000] [587133] [INFO] Worker exiting (pid: 587133)
[2024-08-24 10:52:06 +0000] [587135] [INFO] Worker exiting (pid: 587135)
[2024-08-24 12:52:08 +0200] [587132] [INFO] Shutting down: Master
[2024-08-24 13:07:51 +0200] [588250] [INFO] Starting gunicorn 23.0.0
[2024-08-24 13:07:51 +0200] [588250] [INFO] Listening at: http://127.0.0.1:8000 (588250)
[2024-08-24 13:07:51 +0200] [588250] [INFO] Using worker: sync
[2024-08-24 13:07:51 +0200] [588251] [INFO] Booting worker with pid: 588251
[2024-08-24 13:07:51 +0200] [588252] [INFO] Booting worker with pid: 588252
[2024-08-24 13:07:51 +0200] [588253] [INFO] Booting worker with pid: 588253
[2024-08-28 16:41:09 +0200] [837095] [INFO] Starting gunicorn 23.0.0
[2024-08-28 16:41:09 +0200] [837095] [INFO] Listening at: http://127.0.0.1:8000 (837095)
[2024-08-28 16:41:09 +0200] [837095] [INFO] Using worker: sync
[2024-08-28 16:41:09 +0200] [837096] [INFO] Booting worker with pid: 837096
[2024-08-28 16:41:09 +0200] [837097] [INFO] Booting worker with pid: 837097
[2024-08-28 16:41:09 +0200] [837098] [INFO] Booting worker with pid: 837098
[2024-08-29 01:31:14 +0200] [837095] [INFO] Handling signal: term
[2024-08-28 23:31:14 +0000] [837097] [INFO] Worker exiting (pid: 837097)
[2024-08-28 23:31:14 +0000] [837096] [INFO] Worker exiting (pid: 837096)
[2024-08-28 23:31:14 +0000] [837098] [INFO] Worker exiting (pid: 837098)
[2024-08-29 01:31:15 +0200] [837095] [INFO] Shutting down: Master
[2024-08-29 01:31:16 +0200] [860021] [INFO] Starting gunicorn 23.0.0
[2024-08-29 01:31:16 +0200] [860021] [INFO] Listening at: http://127.0.0.1:8000 (860021)
[2024-08-29 01:31:16 +0200] [860021] [INFO] Using worker: sync
[2024-08-29 01:31:16 +0200] [860022] [INFO] Booting worker with pid: 860022
[2024-08-29 01:31:16 +0200] [860023] [INFO] Booting worker with pid: 860023
[2024-08-29 01:31:16 +0200] [860024] [INFO] Booting worker with pid: 860024
[2024-08-29 14:09:50 +0200] [860021] [INFO] Handling signal: term
[2024-08-29 14:10:00 +0200] [898941] [INFO] Starting gunicorn 23.0.0
[2024-08-29 14:10:00 +0200] [898941] [ERROR] Connection in use: ('127.0.0.1', 8000)
[2024-08-29 14:10:00 +0200] [898941] [ERROR] connection to ('127.0.0.1', 8000) failed: [Errno 98] Address already in use
[2024-08-29 14:10:01 +0200] [898941] [ERROR] Connection in use: ('127.0.0.1', 8000)
[2024-08-29 14:10:01 +0200] [898941] [ERROR] connection to ('127.0.0.1', 8000) failed: [Errno 98] Address already in use
[2024-08-29 14:10:02 +0200] [898941] [ERROR] Connection in use: ('127.0.0.1', 8000)
[2024-08-29 14:10:02 +0200] [898941] [ERROR] connection to ('127.0.0.1', 8000) failed: [Errno 98] Address already in use
[2024-08-29 14:10:03 +0200] [898941] [ERROR] Connection in use: ('127.0.0.1', 8000)
[2024-08-29 14:10:03 +0200] [898941] [ERROR] connection to ('127.0.0.1', 8000) failed: [Errno 98] Address already in use
[2024-08-29 14:10:04 +0200] [898941] [ERROR] Connection in use: ('127.0.0.1', 8000)
[2024-08-29 14:10:04 +0200] [898941] [ERROR] connection to ('127.0.0.1', 8000) failed: [Errno 98] Address already in use
[2024-08-29 12:10:05 +0000] [860022] [INFO] Worker exiting (pid: 860022)
[2024-08-29 14:10:05 +0200] [898941] [ERROR] Can't connect to ('127.0.0.1', 8000)
[2024-08-29 14:10:06 +0200] [898960] [INFO] Starting gunicorn 23.0.0
[2024-08-29 14:10:06 +0200] [898960] [ERROR] Connection in use: ('127.0.0.1', 8000)
[2024-08-29 14:10:06 +0200] [898960] [ERROR] connection to ('127.0.0.1', 8000) failed: [Errno 98] Address already in use
[2024-08-29 14:10:07 +0200] [898960] [ERROR] Connection in use: ('127.0.0.1', 8000)
[2024-08-29 14:10:07 +0200] [898960] [ERROR] connection to ('127.0.0.1', 8000) failed: [Errno 98] Address already in use
[2024-08-29 14:10:08 +0200] [898960] [ERROR] Connection in use: ('127.0.0.1', 8000)
[2024-08-29 14:10:08 +0200] [898960] [ERROR] connection to ('127.0.0.1', 8000) failed: [Errno 98] Address already in use
[2024-08-29 14:10:09 +0200] [898960] [ERROR] Connection in use: ('127.0.0.1', 8000)
[2024-08-29 14:10:09 +0200] [898960] [ERROR] connection to ('127.0.0.1', 8000) failed: [Errno 98] Address already in use
[2024-08-29 14:10:10 +0200] [898960] [ERROR] Connection in use: ('127.0.0.1', 8000)
[2024-08-29 14:10:10 +0200] [898960] [ERROR] connection to ('127.0.0.1', 8000) failed: [Errno 98] Address already in use
[2024-08-29 12:10:10 +0000] [860024] [INFO] Worker exiting (pid: 860024)
[2024-08-29 12:10:10 +0000] [860023] [INFO] Worker exiting (pid: 860023)
[2024-08-29 14:10:11 +0200] [898960] [ERROR] Can't connect to ('127.0.0.1', 8000)
[2024-08-29 14:10:12 +0200] [898963] [INFO] Starting gunicorn 23.0.0
[2024-08-29 14:10:12 +0200] [898963] [INFO] Listening at: http://127.0.0.1:8000 (898963)
[2024-08-29 14:10:12 +0200] [898963] [INFO] Using worker: sync
[2024-08-29 14:10:12 +0200] [898964] [INFO] Booting worker with pid: 898964
[2024-08-29 14:10:12 +0200] [898965] [INFO] Booting worker with pid: 898965
[2024-08-29 14:10:12 +0200] [898966] [INFO] Booting worker with pid: 898966
[2024-08-30 13:34:01 +0200] [898963] [INFO] Handling signal: term
[2024-08-30 11:34:01 +0000] [898966] [INFO] Worker exiting (pid: 898966)
[2024-08-30 11:34:01 +0000] [898964] [INFO] Worker exiting (pid: 898964)
[2024-08-30 11:34:01 +0000] [898965] [INFO] Worker exiting (pid: 898965)
[2024-08-30 13:34:06 +0200] [898963] [INFO] Shutting down: Master
[2024-08-30 13:34:07 +0200] [979019] [INFO] Starting gunicorn 23.0.0
[2024-08-30 13:34:07 +0200] [979019] [INFO] Listening at: http://127.0.0.1:8000 (979019)
[2024-08-30 13:34:07 +0200] [979019] [INFO] Using worker: sync
[2024-08-30 13:34:07 +0200] [979020] [INFO] Booting worker with pid: 979020
[2024-08-30 13:34:07 +0200] [979021] [INFO] Booting worker with pid: 979021
[2024-08-30 13:34:07 +0200] [979022] [INFO] Booting worker with pid: 979022
[2024-08-30 13:49:28 +0200] [979019] [INFO] Handling signal: term
[2024-08-30 11:49:28 +0000] [979022] [INFO] Worker exiting (pid: 979022)
[2024-08-30 11:49:28 +0000] [979021] [INFO] Worker exiting (pid: 979021)
[2024-08-30 11:49:28 +0000] [979020] [INFO] Worker exiting (pid: 979020)
[2024-08-30 13:49:28 +0200] [979019] [INFO] Shutting down: Master
[2024-08-30 13:49:28 +0200] [980157] [INFO] Starting gunicorn 23.0.0
[2024-08-30 13:49:28 +0200] [980157] [INFO] Listening at: http://127.0.0.1:8000 (980157)
[2024-08-30 13:49:28 +0200] [980157] [INFO] Using worker: sync
[2024-08-30 13:49:28 +0200] [980158] [INFO] Booting worker with pid: 980158
[2024-08-30 13:49:28 +0200] [980159] [INFO] Booting worker with pid: 980159
[2024-08-30 13:49:28 +0200] [980160] [INFO] Booting worker with pid: 980160
[2024-08-30 13:51:12 +0200] [980157] [INFO] Handling signal: term
[2024-08-30 11:51:12 +0000] [980158] [INFO] Worker exiting (pid: 980158)
[2024-08-30 11:51:12 +0000] [980159] [INFO] Worker exiting (pid: 980159)
[2024-08-30 11:51:12 +0000] [980160] [INFO] Worker exiting (pid: 980160)
[2024-08-30 13:51:13 +0200] [980157] [INFO] Shutting down: Master
[2024-08-30 13:51:13 +0200] [980275] [INFO] Starting gunicorn 23.0.0
[2024-08-30 13:51:13 +0200] [980275] [INFO] Listening at: http://127.0.0.1:8000 (980275)
[2024-08-30 13:51:13 +0200] [980275] [INFO] Using worker: sync
[2024-08-30 13:51:13 +0200] [980276] [INFO] Booting worker with pid: 980276
[2024-08-30 13:51:13 +0200] [980277] [INFO] Booting worker with pid: 980277
[2024-08-30 13:51:13 +0200] [980278] [INFO] Booting worker with pid: 980278
